2025-03-21 07:23:00 | WARN | repo=auction | action=commit
2025-04-03 15:46:00 | WARN | repo=auction | action=commit
2025-10-02 12:50:00 | DEBUG | repo=auction | action=commit
2025-07-24 10:06:00 | WARN | repo=auction | action=commit
2025-12-07 12:13:00 | DEBUG | repo=auction | action=test | passed=true
2025-05-28 16:30:00 | INFO | repo=auction | action=edit | files=1
2025-03-05 21:17:00 | DEBUG | repo=auction | action=commit
2025-07-14 11:23:00 | DEBUG | repo=auction | action=test | passed=true
2025-01-04 14:46:00 | INFO | repo=auction | action=commit
2025-03-10 19:00:00 | WARN | repo=auction | action=commit
2025-01-16 10:06:00 | INFO | repo=auction | action=commit
2025-04-26 13:02:00 | DEBUG | repo=auction | action=commit
2025-06-09 15:37:00 | DEBUG | repo=auction | action=commit
2025-12-18 07:19:00 | INFO | repo=auction | action=edit | files=3
2025-12-02 09:30:00 | WARN | repo=auction | action=test | passed=true
2025-09-09 07:17:00 | WARN | repo=auction | action=test | passed=true
2025-05-02 09:24:00 | WARN | repo=auction | action=commit
2025-04-03 17:59:00 | DEBUG | repo=auction | action=commit
2025-08-19 07:49:00 | INFO | repo=auction | action=test | passed=true
2025-06-05 07:00:00 | INFO | repo=auction | action=test | passed=true
2025-05-22 09:55:00 | INFO | repo=auction | action=test | passed=true
2025-11-11 16:07:00 | WARN | repo=auction | action=commit
2025-08-06 16:51:00 | INFO | repo=auction | action=edit | files=3
2025-09-14 08:44:00 | DEBUG | repo=auction | action=test | passed=true
2025-02-06 08:23:00 | INFO | repo=auction | action=commit
2025-03-15 21:07:00 | DEBUG | repo=auction | action=commit
2025-06-24 09:04:00 | DEBUG | repo=auction | action=edit | files=5
2025-05-27 12:31:00 | INFO | repo=auction | action=commit
2025-09-17 07:28:00 | INFO | repo=auction | action=commit
2025-12-23 11:33:00 | WARN | repo=auction | action=test | passed=true
2025-02-16 08:20:00 | DEBUG | repo=auction | action=commit
2025-02-21 17:17:00 | WARN | repo=auction | action=test | passed=true
2025-03-25 07:49:00 | DEBUG | repo=auction | action=commit
2025-10-16 21:32:00 | WARN | repo=auction | action=commit
2025-05-18 21:11:00 | INFO | repo=auction | action=commit
2025-11-21 15:41:00 | INFO | repo=auction | action=commit
2025-08-24 14:58:00 | INFO | repo=auction | action=commit
2025-05-25 14:02:00 | INFO | repo=auction | action=commit
2025-07-24 07:50:00 | WARN | repo=auction | action=edit | files=3
2025-03-25 10:07:00 | INFO | repo=auction | action=commit
